<?xml version="1.0" encoding="UTF-8"?>
<!-- Generated by org.testng.reporters.JUnitReportReporter -->
<testsuite skipped="0" hostname="DESKTOP-RGPH0JP" name="testCases.LoginPageTest" tests="1" failures="0" timestamp="09 Mar 2021 21:53:14 GMT" time="19.955" errors="0">
  <testcase name="LoginTest" time="19.955" classname="testCases.LoginPageTest"/>
</testsuite> <!-- testCases.LoginPageTest -->
